<?xml version="1.0" encoding="UTF-8"?>
<!-- Generated by org.testng.reporters.JUnitReportReporter -->
<testsuite hostname="DESKTOP-DTBN5AF" failures="0" tests="2" name="TestPackage.ChangeCurrencyAndCountrySettingTestNG" time="67.542" errors="0" timestamp="2022-02-10T12:38:13 IST" skipped="0">
  <testcase classname="TestPackage.ChangeCurrencyAndCountrySettingTestNG" name="changeCurrencyAsPerCOuntry" time="41.196"/>
  <system-out/>
  <testcase classname="TestPackage.ChangeCurrencyAndCountrySettingTestNG" name="ChangeCountryAsperNation" time="26.346"/>
  <system-out/>
</testsuite> <!-- TestPackage.ChangeCurrencyAndCountrySettingTestNG -->
