<?xml version="1.0" encoding="UTF-8"?>
<!-- Generated by org.testng.reporters.JUnitReportReporter -->
<testsuite hostname="DESKTOP-DTBN5AF" failures="0" tests="3" name="TestPackage.TestNG" time="55.121" errors="0" timestamp="2022-02-10T10:13:30 IST" skipped="1">
  <testcase classname="TestPackage.TestNG" name="changeCountryAsperNation" time="17.871"/>
  <system-out/>
  <testcase classname="TestPackage.TestNG" name="changeCurrencyAsPerCOuntry" time="37.250"/>
  <system-out/>
  <testcase classname="TestPackage.TestNG" name="createNewAmazonAcc">
    <skipped/>
  </testcase> <!-- createNewAmazonAcc -->
  <system-out/>
</testsuite> <!-- TestPackage.TestNG -->
