<?xml version="1.0" encoding="UTF-8"?>
<!-- Generated by org.testng.reporters.JUnitReportReporter -->
<testsuite hostname="DESKTOP-DTBN5AF" failures="0" tests="2" name="TestPackage.ChangeCountrySettingTestNG2" time="54.640" errors="0" timestamp="2022-02-10T10:20:10 IST" skipped="0">
  <testcase classname="TestPackage.ChangeCountrySettingTestNG2" name="changeCurrencyAsPerCOuntry" time="36.384"/>
  <system-out/>
  <testcase classname="TestPackage.ChangeCountrySettingTestNG2" name="ChangeCountryAsperNation" time="18.256"/>
  <system-out/>
</testsuite> <!-- TestPackage.ChangeCountrySettingTestNG2 -->
