<?xml version="1.0" encoding="UTF-8"?>
<!-- Generated by org.testng.reporters.JUnitReportReporter -->
<testsuite hostname="DESKTOP-DTBN5AF" failures="0" tests="1" name="TestPackage.TestNG2" time="50.887" errors="0" timestamp="2022-02-08T17:31:45 IST" skipped="0">
  <testcase classname="TestPackage.TestNG2" name="ChangeCountryAsperNation" time="50.887"/>
  <system-out/>
</testsuite> <!-- TestPackage.TestNG2 -->
